

============================================================
versionCode: 1
versionName: 1.0.0
commit: v1.0.0
Build completed at 2025-08-31 16:40:22Z


Error cleaning com.freetime.donation:1.0.0
==== detail begin ====
Found 8.13 via distributionUrl
No hash for gradle version 8.13! Exiting...
==== detail end ====

============================================================
versionCode: 1
versionName: 1.0.0
commit: v1.0.0
Build completed at 2025-08-31 16:41:09Z


Error cleaning com.freetime.donation:1.0.0
==== detail begin ====
Found 8.13 via distributionUrl
No hash for gradle version 8.13! Exiting...
==== detail end ====

============================================================
versionCode: 1
versionName: 1.0.0
commit: v1.0.0
Build completed at 2025-08-31 16:45:43Z


Error cleaning com.freetime.donation:1.0.0
==== detail begin ====
Found 8.13 via distributionUrl
No hash for gradle version 8.13! Exiting...
==== detail end ====

============================================================
versionCode: 1
versionName: 1.0.0
commit: v1.0.0
Build completed at 2025-08-31 17:02:19Z


Error cleaning com.freetime.donation:1.0.0
==== detail begin ====
Found 8.13 via distributionUrl
No hash for gradle version 8.13! Exiting...
==== detail end ====

============================================================
versionCode: 1
versionName: 1.0.0
commit: v1.0.0
Build completed at 2025-08-31 17:06:10Z


Error cleaning com.freetime.donation:1.0.0
==== detail begin ====
Found 8.13 via distributionUrl
No hash for gradle version 8.13! Exiting...
==== detail end ====